
> # R version
> R.version.string
[1] "R version 4.3.2 (2023-10-31)"

> ### 00 Load packages and functions
> 
> library(fields)   # needed for image.plot()

> library(sp)       # needed for coordinates, SpatialPointsDataFrame

> library(maps)     # needed for world map

> library(geoR) # for as.geodata()

> library(akima) # for interp()

> source(file = "irf-fcn01-sphere-harmonics.R")

> source(file = "irf-fcn02-legendre-polynomials.R")

> source(file = "irf-fcn03-distance.R")

> source(file = "irf-fcn04-covariances.R")

> source(file = "irf-fcn05-MoM-estimator.R")

> source(file = "irf-fcn06-kappa-approx.R")

> ###  01 Load data
> 
> Lmat <- readRDS("data/irfkrg7a-parse-data-Lmat.Rds")

> data(wrld_simpl)

> # Set bin distances
> H <- 10                   # Number Distances at Which to Estimate

> eps <- 0.1                # Use to Bin Distances in Estimation

> Hvec <- as.vector(seq(0,1,by = 1/H))[1:H]

> P <- dim(Lmat)[[1]]

> Dvec <- readRDS("data/irfkrg7a-parse-data-Dvec.Rds")

> # Load data
> 
> full.data <- readRDS(paste("data/irfkrg7a-parse-data-2015.Rds", sep = ""))

> # Select Jan and Apr from 2015 for this study
> 
> JanApr.data <- full.data[,c(3,6)]

> ### 02 Estimate kappa for each month, plot criterion plots
> 
> kappa.vec <- rep(NA, 2)

> for(month in 1:2){
+     month.data <- JanApr.data[,month]
+     if(month==1) month.lab <- "Jan"
+     if(month==2) month.lab <- "Apr"
+     
+      .... [TRUNCATED] 
[1] "Kappa-hat for Jan: 2"
[1] "Kappa-hat for Apr: 2"

> # close log
> sink()
