
> # R version
> R.version.string
[1] "R version 4.2.1 (2022-06-23)"

> ### 00 Load functions
> 
> source(file = "irfkrg-fcn01V3-sphere-harmonics.R")

> source(file = "irfkrg-fcn02V3-legendre-polynomials.R")

> source(file = "irfkrg-fcn03V3-distance.R")

> source(file = "irfkrg-fcn04V3-icf.R")

> source(file = "irfkrg-fcn05V3-MoM-estimator.R")

> source(file = "irfkrg-fcn06V3-order-approx.R")

> source(file = "irfkrg-fcn07V4-criteria.R")

> ### 01 set inputs and distance bins
> 
> H <- 10             # Number Distances at Which to Estimate

> eps <- .10          # Use to Bin Distances in Estimation

> Hvec <- as.vector(seq(0,1,by = 1/H))[1:H]

> ###  02 Run loop generating criterion
> 
> Lmat <- readRDS("Data/irfkrg1V3-irf-data-Lmat.Rds")

> ud.k2   <- readRDS("Data/irfkrg1V3-irf-data-ud-k2.Rds")

> ud.k3   <- readRDS("Data/irfkrg1V3-irf-data-ud-k3.Rds")

> P <- length(Lmat[,1])

> Dvec <- Dfun(Lmat, P)

> set.seed(2474)

> X0.k2 <- ud.k2 %*% matrix(rnorm(P,0,1),P,1)

> X0.k3 <- ud.k3 %*% matrix(rnorm(P,0,1),P,1)

> G.k2 <- order.approx(X0.k2, Lmat, Dvec, Hvec, eps, P)$G

> G.k3 <- order.approx(X0.k3, Lmat, Dvec, Hvec, eps, P)$G

> G.diff.k2 <- G.diff.fcn.noadjust(G.k2, H, Hvec)

> G.diff.k3 <- G.diff.fcn.noadjust(G.k3, H, Hvec)

> (crit.k2 <- criterion.v01(G.diff.k2))
[1] 1.339130e+00 1.051582e+03 3.677240e-03 3.724834e-05 4.688135e-02
[6] 1.119158e-05 5.977746e-03

> (crit.k3 <- criterion.v01(G.diff.k3))            
[1] 8.738626e+05 6.357514e+06 2.092273e+05 1.210991e-04 5.050203e-02
[6] 1.185863e-04 1.934938e-02

> # Graphs with original units
> pdf(file = paste("Graphs/", filename, "-k2.pdf", sep = ""),
+     width = 10, height = 7)

> par(las=1, mar=c(5,5,2,1)+0.1)

> plot(0:6, crit.k2, xlab = "k", ylab = "", cex = 1.2,
+      cex.axis = 1.2, cex.lab = 1.2)

> mtext("S(k)", 2, line=2.2, cex = 1.2, las=2, at=1070)

> dev.off()
null device 
          1 

> pdf(file = paste("Graphs/", filename, "-k3.pdf", sep = ""),
+     width = 10, height = 7)

> par(las=1, mar=c(5,5,2,1)+0.1)

> plot(0:6, crit.k3 / 1000000, xlab = "k", ylab = "", cex = 1.2,
+      cex.axis = 1.2, cex.lab = 1.2)

> mtext("S(k)", 2, line=2.2, cex = 1.2, las=2, at=4)

> mtext("(x 10^6)", 2, line=1, cex = 1.2, las=2, at=3.5)

> dev.off()
null device 
          1 

> # Graphs with log units
> pdf(file = paste("Graphs/", filename, "-k2-log.pdf", sep = ""),
+     width = 10, height = 7)

> par(las=1, mar=c(5,5,2,1)+0.1)

> plot(0:6, log(crit.k2), xlab = "k", ylab = "", cex = 1.2,
+      cex.axis = 1.2, cex.lab = 1.2)

> mtext("log(S(k))", 2, line=0.5, cex = 1.2, las=2, at=7)

> dev.off()
null device 
          1 

> pdf(file = paste("Graphs/", filename, "-k3-log.pdf", sep = ""),
+     width = 10, height = 7)

> par(las=1, mar=c(5,5,2,1)+0.1)

> plot(0:6, log(crit.k3), xlab = "k", ylab = "", cex = 1.2,
+      cex.axis = 1.2, cex.lab = 1.2)

> mtext("log(S(k))", 2, line=0.5, cex = 1.2, las=2, at=16.2)

> dev.off()
null device 
          1 

> # close log
> sink()
